<?xml version="1.0" encoding="UTF-8"?>
<!-- Generated by org.testng.reporters.JUnitReportReporter -->
<testsuite hostname="POOLW42NLPC0416" failures="0" tests="2" name="Utility.TestCase" time="136.619" errors="0" timestamp="2022-11-17T12:57:36 IST" skipped="0">
  <testcase classname="Utility.TestCase" name="test_invalid" time="65.478"/>
  <system-out/>
  <testcase classname="Utility.TestCase" name="test_validData" time="71.141"/>
  <system-out/>
</testsuite> <!-- Utility.TestCase -->
